<?xml version="1.0" encoding="UTF-8"?>
<testng-results skipped="0" failed="0" ignored="0" total="1" passed="1">
  <reporter-output>
  </reporter-output>
  <suite name="Default suite" duration-ms="71522" started-at="2019-08-29T21:36:31Z" finished-at="2019-08-29T21:37:42Z">
    <groups>
    </groups>
    <test name="Default test" duration-ms="71522" started-at="2019-08-29T21:36:31Z" finished-at="2019-08-29T21:37:42Z">
      <class name="keywordDrivenFramework.Application">
        <test-method status="PASS" signature="verifyInvalidlogintest()[pri:0, instance:keywordDrivenFramework.Application@39aeed2f]" name="verifyInvalidlogintest" duration-ms="71503" started-at="2019-08-29T21:36:31Z" finished-at="2019-08-29T21:37:42Z">
          <reporter-output>
          </reporter-output>
        </test-method> <!-- verifyInvalidlogintest -->
      </class> <!-- keywordDrivenFramework.Application -->
    </test> <!-- Default test -->
  </suite> <!-- Default suite -->
</testng-results>
