<?xml version="1.0" encoding="UTF-8"?>
<!-- Generated by org.testng.reporters.JUnitXMLReporter -->
<testsuite hostname="DESKTOP-V6OCEE7" ignored="0" name="EdgeTest" tests="1" failures="1" timestamp="29 Aug 2019 15:36:32 GMT" time="8.074" errors="0">
  <testcase name="applicationInvalidLogin" time="1.93" classname="com.demoaut.newtours.Testscripts.InvalidCredentialsTest">
    <failure type="java.lang.AssertionError" message="expected [Welcome back to Mercury Tours! Enter your user information to access the member-only areas of this site. If you don&amp;apos;t have a log-in, please fill out the registration form. ] but found [Welcome back to Mercury Tours! Enter your user information to access the member-only areas of this site. If you don&amp;apos;t have a log-in, please fill out the registration form.]">
      <![CDATA[java.lang.AssertionError: expected [Welcome back to Mercury Tours! Enter your user information to access the member-only areas of this site. If you don't have a log-in, please fill out the registration form. ] but found [Welcome back to Mercury Tours! Enter your user information to access the member-only areas of this site. If you don't have a log-in, please fill out the registration form.]
at com.demoaut.newtours.Testscripts.InvalidCredentialsTest.applicationInvalidLogin(InvalidCredentialsTest.java:64)
... Removed 31 stack frames]]>
    </failure>
  </testcase> <!-- applicationInvalidLogin -->
</testsuite> <!-- EdgeTest -->
